{"logTime": "0309/212908", "correlationVector":"84WxIk50X/nIYiik5/e9aK.1","action":"SyncServerConnectionManagerRequest", "result":"SYNC_SERVER_OK", "context":{"environment":"Prod_centralus_prod-s01-068-nam-centralus", "migrationStage":"NotStarted", "server":"akswtt002000032"}}
{"logTime": "0309/212908", "correlationVector":"84WxIk50X/nIYiik5/e9aK.2","action":"ProcessGetUpdates", "result":"Done", "context":{"dataType":"Encryption Keys", "deleted":"0", "process_failed_to_decrypt":"0", "process_pending_decryption":"0", "process_success":"1", "total":"1"}}
{"logTime": "0309/212909", "correlationVector":"Ly7iEt01m79sRt8qMYVyik","action":"SyncServerConnectionManagerRequest", "result":"SYNC_SERVER_OK", "context":{"environment":"", "migrationStage":"", "server":""}}
{"logTime": "0309/212909", "correlationVector":"Ly7iEt01m79sRt8qMYVyik.0","action":"EncryptionKeysFetcher.DownloadKeys:", "result":"Success", "context":Key count: 10, Last key timestamp: 2025-09-29T00:36:30Z}
{"logTime": "0309/212909", "correlationVector":"Ly7iEt01m79sRt8qMYVyik.1","action":"EncryptionKeysManager::SetEncryptionKeys:", "result":"Success", "context":Key names[10]:[oGhIDnT1TOjGXULY16P6Sx2ECBApyd18oKUVgq1Kln9NVsK7GXvMRqzN5puo4fci6sZv4k6uvhECFOyQ1xQXBg==][vUv/l6yXoQROqzm1JS1q09OH0YkcjM2WOYoSS89lgFq7PfvWaudOyBgzcsmTHCzb4a3d2tbBQjJ+4MYd0rihHA==][4a0P5DJs5tFjwl5lZ4rHIVhL3vdxNJtAz/KwXbEBcftMQzRXRAUT0td1IPeu4O19PLKibNgQUzs/RboOIhVrLg==][ThQbkMcUVRynEeCZt6/MgpbfA3PFQ5vO6uTNnfr7rClKjSUzIo91dJLt9HyA1bLG62BvmeoeWB0NgKkWFJ7uwQ==][jboQDnCKiRaEiZT9fUR/d3w8k+DdhB4jL/d5A/Q6UDtZLREJAt1i1+n6kYJ8iLa8Uebj14GSW9aM+uGkywYL7A==][OGTZC4m2VVocQ7Zr2cNA+kfaOmRGkCSR/hmnN8gXHUNEb+8sVP0dEFPiss3YBR6GVq1xd0dNREOvHYaaIvdDaQ==][jzVY27eCNM5iPacWLzqEftdEJIDuMX6FHLv5IiyYoKjfsLR+eLmwmmROKt2eTkjwGH3srkz9SU4jGbgdAyemWg==][VpszH7M671mOl9qpht/EzzI6XpY2jFJeUg5BPt7QOslXoiTcJ3fX+u5cWUbVzYNLbaUrKE2rH01Ul1fMK6nb0A==][Dbzb5jHiRZSEf2Xmj74bXP+kS6YwT/nSzE85U0ayp0aNh7pdfMgrmQBrN/vzvH4uB6Ph0MH6nmKs/iEhwuomEA==][/XcnMKxz/K7A/PSHH9S7OBfYAkOEceCcVO0vzsUcqtFtWQ5lCR2yL2L3sEBdRxDdsISx0aKZlbWvhHb2Es2cpw==]}
{"logTime": "0309/212909", "correlationVector":"Ly7iEt01m79sRt8qMYVyik.2","action":"EncryptionKeysManager::SetEncryptionKeysWithTimestamps:", "result":"Success", "context":Key timestamps[10]:[2023-08-26T21:14:10Z][2023-09-02T18:21:32Z][2023-09-17T22:26:36Z][2023-09-21T04:15:40Z][2024-01-23T01:59:13Z][2024-07-22T01:50:19Z][2024-10-11T17:04:03Z][2024-12-15T05:17:33Z][2025-07-02T03:49:42Z][2025-09-29T00:36:30Z]}
{"logTime": "0309/212909", "correlationVector":"84WxIk50X/nIYiik5/e9aK","action":"Initial GetUpdates", "result":"", "context":Reason: NEW_CLIENT. cV=84WxIk50X/nIYiik5/e9aK}
{"logTime": "0309/212909", "correlationVector":"84WxIk50X/nIYiik5/e9aK.3","action":"GetUpdates Response", "result":"Success", "context":Received 1 update(s). cV=84WxIk50X/nIYiik5/e9aK.0;server=akswtt002000032;cloudType=Consumer;environment=Prod_centralus_prod-s01-068-nam-centralus;migrationStage=NotStarted}
{"logTime": "0309/212909", "correlationVector":"CjQKoj9nVJKx8WODXeLXxp","action":"Initial GetUpdates", "result":"", "context":Reason: NEWLY_SUPPORTED_DATATYPE. cV=CjQKoj9nVJKx8WODXeLXxp}
{"logTime": "0309/212909", "correlationVector":"CjQKoj9nVJKx8WODXeLXxp.1","action":"SyncServerConnectionManagerRequest", "result":"SYNC_SERVER_OK", "context":{"environment":"Prod_centralus_prod-s01-068-nam-centralus", "migrationStage":"NotStarted", "server":"akswtt002000028"}}
{"logTime": "0309/212909", "correlationVector":"CjQKoj9nVJKx8WODXeLXxp.2","action":"ProcessGetUpdates", "result":"Done", "context":{"dataType":"Device Info", "deleted":"0", "process_failed_to_decrypt":"0", "process_pending_decryption":"0", "process_success":"10", "total":"10"}}
{"logTime": "0309/212909", "correlationVector":"CjQKoj9nVJKx8WODXeLXxp.3","action":"GetUpdates Response", "result":"Success", "context":Received 10 update(s). cV=CjQKoj9nVJKx8WODXeLXxp.0;server=akswtt002000028;cloudType=Consumer;environment=Prod_centralus_prod-s01-068-nam-centralus;migrationStage=NotStarted}
{"logTime": "0309/212909", "correlationVector":"RXCIZXnhGWleazir8h5MnW","action":"Initial GetUpdates", "result":"", "context":Reason: NEWLY_SUPPORTED_DATATYPE. cV=RXCIZXnhGWleazir8h5MnW}
{"logTime": "0309/212909", "correlationVector":"RXCIZXnhGWleazir8h5MnW.1","action":"SyncServerConnectionManagerRequest", "result":"SYNC_SERVER_OK", "context":{"environment":"Prod_centralus_prod-s01-068-nam-centralus", "migrationStage":"NotStarted", "server":"akswtt002000025"}}
{"logTime": "0309/212909", "correlationVector":"RXCIZXnhGWleazir8h5MnW.2","action":"GetUpdates Response", "result":"Success", "context":Received 0 update(s). cV=RXCIZXnhGWleazir8h5MnW.0;server=akswtt002000025;cloudType=Consumer;environment=Prod_centralus_prod-s01-068-nam-centralus;migrationStage=NotStarted}
{"logTime": "0309/212909", "correlationVector":"5/+pI9gk2iQeB0BHvj0xsm","action":"Normal GetUpdate request", "result":"", "context":cV=5/+pI9gk2iQeB0BHvj0xsm
Nudged types: Device Info
Refresh requested types: Extensions, Extension settings, Device Info, User Consents, Send Tab To Self, Web Apps, Encryption Keys}
{"logTime": "0309/212910", "correlationVector":"5/+pI9gk2iQeB0BHvj0xsm.1","action":"SyncServerConnectionManagerRequest", "result":"SYNC_SERVER_OK", "context":{"environment":"Prod_centralus_prod-s01-068-nam-centralus", "migrationStage":"NotStarted", "server":"akswtt00200001l"}}
{"logTime": "0309/212910", "correlationVector":"5/+pI9gk2iQeB0BHvj0xsm.2","action":"GetUpdates Response", "result":"Success", "context":Received 0 update(s). cV=5/+pI9gk2iQeB0BHvj0xsm.0;server=akswtt00200001l;cloudType=Consumer;environment=Prod_centralus_prod-s01-068-nam-centralus;migrationStage=NotStarted}
{"logTime": "0309/212910", "correlationVector":"CffgFmxtTuvNyMA3KT3QiU","action":"DoCompareDataConsistency requsted types: ", "result":"Extensions, Extension settings, Send Tab To Self, Web Apps, Encryption Keys"}
{"logTime": "0309/212910", "correlationVector":"CffgFmxtTuvNyMA3KT3QiU.0","action":"CompareDataConsistency result: ", "result":"Compare result: Encryption Keys is consistent. local entities count is: 1 local entities hash is: 9Xbdk6Ll4qbHGVyLUalORAp1JkU="}
{"logTime": "0309/212910", "correlationVector":"CffgFmxtTuvNyMA3KT3QiU.1","action":"CompareDataConsistency result: ", "result":"Compare result: Extensions is consistent. local entities count is: 0 local entities hash is: "}
{"logTime": "0309/212910", "correlationVector":"CffgFmxtTuvNyMA3KT3QiU.2","action":"CompareDataConsistency result: ", "result":"Compare result: Extension settings is consistent. local entities count is: 0 local entities hash is: "}
{"logTime": "0309/212910", "correlationVector":"CffgFmxtTuvNyMA3KT3QiU.3","action":"CompareDataConsistency result: ", "result":"Server did not send this Send Tab To Self local entities count is: 0 local entities hash is: "}
{"logTime": "0309/212910", "correlationVector":"CffgFmxtTuvNyMA3KT3QiU.4","action":"CompareDataConsistency result: ", "result":"Compare result: Web Apps is consistent. local entities count is: 0 local entities hash is: "}
{"logTime": "0309/212910", "correlationVector":"YCpcCZ/P1SKDgUao5PInHN","action":"Commit Request", "result":"", "context":Item count: 1
Contributing types: Device Info}
{"logTime": "0309/212910", "correlationVector":"YCpcCZ/P1SKDgUao5PInHN.1","action":"SyncServerConnectionManagerRequest", "result":"SYNC_SERVER_OK", "context":{"environment":"Prod_centralus_prod-s01-068-nam-centralus", "migrationStage":"NotStarted", "server":"akswtt00200000n"}}
{"logTime": "0309/212910", "correlationVector":"YCpcCZ/P1SKDgUao5PInHN.2","action":"Commit Response", "result":"Success", "context":Result: Success. cV=YCpcCZ/P1SKDgUao5PInHN.0;server=akswtt00200000n;cloudType=Consumer;environment=Prod_centralus_prod-s01-068-nam-centralus;migrationStage=NotStarted}
{"logTime": "0309/212910", "correlationVector":"","action":"DIAGNOSTIC_REQUEST|v1/diagnosticData/Diagnostic.SendCheckResult()|SUCCESS", "result":""}
{"logTime": "0309/212936", "correlationVector":"","action":"Microsoft.Sync.State.UserActionableError.30Sec", "result":"Error:7"}
{"logTime": "0309/212936", "correlationVector":"","action":"Microsoft.Sync.State.Sign.In.UserActionableError.30Sec", "result":"Error:7"}
{"logTime": "0309/212957", "correlationVector":"hjcW6C8XQA2ZPP5XYFCI5Z","action":"Initial GetUpdates", "result":"", "context":Reason: RECONFIGURATION. cV=hjcW6C8XQA2ZPP5XYFCI5Z}
{"logTime": "0309/212957", "correlationVector":"hjcW6C8XQA2ZPP5XYFCI5Z.1","action":"SyncServerConnectionManagerRequest", "result":"SYNC_SERVER_OK", "context":{"environment":"Prod_centralus_prod-s01-068-nam-centralus", "migrationStage":"NotStarted", "server":"akswtt002000006"}}
{"logTime": "0309/212957", "correlationVector":"hjcW6C8XQA2ZPP5XYFCI5Z.2","action":"ProcessGetUpdates", "result":"Done", "context":{"dataType":"Preferences", "deleted":"0", "process_failed_to_decrypt":"0", "process_pending_decryption":"0", "process_success":"90", "total":"90"}}
{"logTime": "0309/212957", "correlationVector":"hjcW6C8XQA2ZPP5XYFCI5Z.3","action":"ProcessGetUpdates", "result":"Done", "context":{"dataType":"Passwords", "deleted":"0", "process_failed_to_decrypt":"0", "process_pending_decryption":"0", "process_success":"118", "total":"118"}}
{"logTime": "0309/212957", "correlationVector":"hjcW6C8XQA2ZPP5XYFCI5Z.4","action":"ProcessGetUpdates", "result":"Done", "context":{"dataType":"Device Info", "deleted":"0", "process_failed_to_decrypt":"0", "process_pending_decryption":"0", "process_success":"11", "total":"11"}}
{"logTime": "0309/212958", "correlationVector":"hjcW6C8XQA2ZPP5XYFCI5Z.5","action":"GetUpdates Response", "result":"Success", "context":Received 219 update(s). cV=hjcW6C8XQA2ZPP5XYFCI5Z.0;server=akswtt002000006;cloudType=Consumer;environment=Prod_centralus_prod-s01-068-nam-centralus;migrationStage=NotStarted}
{"logTime": "0309/212958", "correlationVector":"ZkN1wiCcjp6W9W3iPTAu/f","action":"Initial GetUpdates", "result":"", "context":Reason: RECONFIGURATION. cV=ZkN1wiCcjp6W9W3iPTAu/f}
{"logTime": "0309/212958", "correlationVector":"ZkN1wiCcjp6W9W3iPTAu/f.1","action":"SyncServerConnectionManagerRequest", "result":"SYNC_SERVER_OK", "context":{"environment":"Prod_centralus_prod-s01-068-nam-centralus", "migrationStage":"NotStarted", "server":"akswtt002000008"}}
{"logTime": "0309/212958", "correlationVector":"ZkN1wiCcjp6W9W3iPTAu/f.2","action":"ProcessGetUpdates", "result":"Done", "context":{"dataType":"Bookmarks", "deleted":"0", "process_failed_to_decrypt":"0", "process_pending_decryption":"0", "process_success":"14", "total":"14"}}
{"logTime": "0309/212958", "correlationVector":"ZkN1wiCcjp6W9W3iPTAu/f.3","action":"GetUpdates Response", "result":"Success", "context":Received 14 update(s). cV=ZkN1wiCcjp6W9W3iPTAu/f.0;server=akswtt002000008;cloudType=Consumer;environment=Prod_centralus_prod-s01-068-nam-centralus;migrationStage=NotStarted}
{"logTime": "0309/212958", "correlationVector":"EwARw4KREAlds7zMUcDzhL","action":"Initial GetUpdates", "result":"", "context":Reason: RECONFIGURATION. cV=EwARw4KREAlds7zMUcDzhL}
{"logTime": "0309/212958", "correlationVector":"EwARw4KREAlds7zMUcDzhL.1","action":"SyncServerConnectionManagerRequest", "result":"SYNC_SERVER_OK", "context":{"environment":"Prod_eastus2_prod-s01-050-nam-eastus2", "migrationStage":"NotStarted", "server":"akswtt111000003"}}
{"logTime": "0309/212958", "correlationVector":"EwARw4KREAlds7zMUcDzhL.2","action":"ProcessGetUpdates", "result":"Done", "context":{"dataType":"Autofill Profiles", "deleted":"0", "process_failed_to_decrypt":"0", "process_pending_decryption":"0", "process_success":"1", "total":"1"}}
{"logTime": "0309/212958", "correlationVector":"EwARw4KREAlds7zMUcDzhL.3","action":"ProcessGetUpdates", "result":"Done", "context":{"dataType":"Autofill", "deleted":"0", "process_failed_to_decrypt":"0", "process_pending_decryption":"0", "process_success":"1", "total":"1"}}
{"logTime": "0309/212958", "correlationVector":"EwARw4KREAlds7zMUcDzhL.4","action":"ProcessGetUpdates", "result":"Done", "context":{"dataType":"Sessions", "deleted":"0", "process_failed_to_decrypt":"0", "process_pending_decryption":"0", "process_success":"4", "total":"4"}}
{"logTime": "0309/212958", "correlationVector":"EwARw4KREAlds7zMUcDzhL.5","action":"GetUpdates Response", "result":"Success", "context":Received 6 update(s). cV=EwARw4KREAlds7zMUcDzhL.0;server=akswtt111000003;cloudType=Consumer;environment=Prod_eastus2_prod-s01-050-nam-eastus2;migrationStage=NotStarted}
{"logTime": "0309/212958", "correlationVector":"MwylJE/+KJkQnF7SAEGHe8","action":"Initial GetUpdates", "result":"", "context":Reason: RECONFIGURATION. cV=MwylJE/+KJkQnF7SAEGHe8}
{"logTime": "0309/212958", "correlationVector":"MwylJE/+KJkQnF7SAEGHe8.1","action":"SyncServerConnectionManagerRequest", "result":"SYNC_SERVER_OK", "context":{"environment":"Prod_centralus_prod-s01-068-nam-centralus", "migrationStage":"NotStarted", "server":"akswtt00200000n"}}
{"logTime": "0309/212958", "correlationVector":"MwylJE/+KJkQnF7SAEGHe8.2","action":"GetUpdates Response", "result":"Success", "context":Received 0 update(s). cV=MwylJE/+KJkQnF7SAEGHe8.0;server=akswtt00200000n;cloudType=Consumer;environment=Prod_centralus_prod-s01-068-nam-centralus;migrationStage=NotStarted}
{"logTime": "0309/212958", "correlationVector":"Vc3dXG9P7/EPjqHDVdKrjC","action":"Normal GetUpdate request", "result":"", "context":cV=Vc3dXG9P7/EPjqHDVdKrjC
Nudged types: Bookmarks, Preferences, Autofill Profiles, Autofill, Sessions, Device Info
Refresh requested types: Bookmarks, Preferences, Passwords, Autofill Profiles, Autofill, Extensions, Sessions, Extension settings, History Delete Directives, Device Info, User Consents, Send Tab To Self, Web Apps, History, Saved Tab Group, WebAuthn Credentials, Collection, Edge E Drop, Edge Hub App Usage, Edge Wallet, Edge Workspace, Encryption Keys}
{"logTime": "0309/212958", "correlationVector":"Vc3dXG9P7/EPjqHDVdKrjC.1","action":"SyncServerConnectionManagerRequest", "result":"SYNC_SERVER_OK", "context":{"environment":"Prod_centralus_prod-s01-068-nam-centralus", "migrationStage":"NotStarted", "server":"akswtt002000023"}}
{"logTime": "0309/212958", "correlationVector":"Vc3dXG9P7/EPjqHDVdKrjC.2","action":"GetUpdates Response", "result":"Success", "context":Received 0 update(s). cV=Vc3dXG9P7/EPjqHDVdKrjC.0;server=akswtt002000023;cloudType=Consumer;environment=Prod_centralus_prod-s01-068-nam-centralus;migrationStage=NotStarted}
{"logTime": "0309/212959", "correlationVector":"RhSKXg5eg7A1ATQSYwGxMu","action":"Commit Request", "result":"", "context":Item count: 40
Contributing types: Bookmarks, Preferences, Autofill Profiles, Autofill, Device Info}
{"logTime": "0309/213000", "correlationVector":"RhSKXg5eg7A1ATQSYwGxMu.1","action":"SyncServerConnectionManagerRequest", "result":"SYNC_SERVER_OK", "context":{"environment":"Prod_centralus_prod-s01-068-nam-centralus", "migrationStage":"NotStarted", "server":"akswtt00200002o"}}
{"logTime": "0309/213000", "correlationVector":"RhSKXg5eg7A1ATQSYwGxMu.2","action":"Commit Response", "result":"Protocol error (THROTTLED)", "context":Result: Protocol error (THROTTLED). cV=RhSKXg5eg7A1ATQSYwGxMu.0;server=akswtt00200002o;cloudType=Consumer;environment=Prod_centralus_prod-s01-068-nam-centralus;migrationStage=NotStarted}
