2026-03-09 21:29:05.099: [INFO] VisibilityChanged: 0
2026-03-09 21:29:05.177: [INFO] RecordSyncInitDuration has_sync_been_enabled: 0 state: 0
2026-03-09 21:29:05.178: [INFO] RecordSyncInitDuration has_sync_been_enabled: 0 state: 0
2026-03-09 21:29:05.178: [INFO] RecordSyncInitDuration has_sync_been_enabled: 0 state: 0
2026-03-09 21:29:05.179: [INFO] RecordSyncInitDuration has_sync_been_enabled: 0 state: 0
2026-03-09 21:29:05.179: [INFO] RecordSyncInitDuration has_sync_been_enabled: 0 state: 0
2026-03-09 21:29:05.180: [INFO] RecordSyncInitDuration has_sync_been_enabled: 0 state: 0
2026-03-09 21:29:05.180: [INFO] RecordSyncInitDuration has_sync_been_enabled: 0 state: 0
2026-03-09 21:29:05.181: [INFO] RecordSyncInitDuration has_sync_been_enabled: 0 state: 0
2026-03-09 21:29:05.181: [INFO] RecordSyncInitDuration has_sync_been_enabled: 0 state: 0
2026-03-09 21:29:05.182: [INFO] RecordSyncInitDuration has_sync_been_enabled: 0 state: 0
2026-03-09 21:29:05.182: [INFO] RecordSyncInitDuration has_sync_been_enabled: 0 state: 0
2026-03-09 21:29:05.183: [INFO] RecordSyncInitDuration has_sync_been_enabled: 0 state: 0
2026-03-09 21:29:05.195: [INFO] BookmarkModelLoaded, ids_reassigned: 0
2026-03-09 21:29:05.195: [INFO] OnDoneLoading sync enabled: 0
2026-03-09 21:29:05.302: [INFO] RecordSyncInitDuration has_sync_been_enabled: 0 state: 0
2026-03-09 21:29:06.928: [INFO] RecordSyncInitDuration has_sync_been_enabled: 0 state: 3
2026-03-09 21:29:06.930: [INFO] Primary account changed.
2026-03-09 21:29:06.930: [INFO] OnPrimaryAccountChanged PrimaryAccountChangeEvent::Type::kSet
2026-03-09 21:29:08.091: [INFO] RecordSyncInitDuration has_sync_been_enabled: 0 state: 3
2026-03-09 21:29:08.827: [INFO] RecordSyncInitDuration has_sync_been_enabled: 0 state: 3
2026-03-09 21:29:08.828: [INFO] RecordSyncInitDuration has_sync_been_enabled: 0 state: 3
2026-03-09 21:29:08.830: [INFO] RecordSyncInitDuration has_sync_been_enabled: 0 state: 3
2026-03-09 21:29:08.834: [INFO] RecordSyncInitDuration has_sync_been_enabled: 0 state: 3
2026-03-09 21:29:08.835: [INFO] RecordSyncInitDuration has_sync_been_enabled: 0 state: 3
2026-03-09 21:29:08.837: [INFO] RecordSyncInitDuration has_sync_been_enabled: 0 state: 3
2026-03-09 21:29:08.838: [INFO] RecordSyncInitDuration has_sync_been_enabled: 0 state: 5
2026-03-09 21:29:08.840: [INFO] RecordSyncInitDuration has_sync_been_enabled: 0 state: 5
2026-03-09 21:29:09.376: [INFO] RecordSyncInitDuration has_sync_been_enabled: 0 state: 5
2026-03-09 21:29:09.383: [INFO] RecordSyncInitDuration has_sync_been_enabled: 0 state: 5
2026-03-09 21:29:09.559: [INFO] RecordSyncInitDuration has_sync_been_enabled: 0 state: 5
2026-03-09 21:29:09.560: [INFO] RecordSyncInitDuration has_sync_been_enabled: 0 state: 6
2026-03-09 21:29:09.744: [INFO] RecordSyncInitDuration has_sync_been_enabled: 0 state: 6
2026-03-09 21:29:09.745: [INFO] RecordSyncInitDuration has_sync_been_enabled: 0 state: 6
2026-03-09 21:29:09.748: [INFO] RecordSyncInitDuration has_sync_been_enabled: 0 state: 6
2026-03-09 21:29:09.749: [INFO] RecordSyncInitDuration has_sync_been_enabled: 0 state: 6
2026-03-09 21:29:10.613: [INFO] RecordSyncInitDuration has_sync_been_enabled: 0 state: 6
2026-03-09 21:29:10.614: [INFO] RecordSyncInitDuration has_sync_been_enabled: 0 state: 6
2026-03-09 21:29:10.835: [INFO] RecordSyncInitDuration has_sync_been_enabled: 0 state: 6
2026-03-09 21:29:57.515: [INFO] RecordSyncInitDuration has_sync_been_enabled: 0 state: 5
2026-03-09 21:29:57.517: [INFO] RecordSyncInitDuration has_sync_been_enabled: 0 state: 5
2026-03-09 21:29:57.520: [INFO] RecordSyncInitDuration has_sync_been_enabled: 0 state: 5
2026-03-09 21:29:57.523: [INFO] RecordSyncInitDuration has_sync_been_enabled: 0 state: 5
2026-03-09 21:29:57.685: [INFO] BookmarkNodeAdded, ABU: 0
2026-03-09 21:29:57.685: [INFO] BookmarkNodeAdded, ABU: 0
2026-03-09 21:29:57.685: [INFO] BookmarkNodeAdded, ABU: 0
2026-03-09 21:29:57.686: [INFO] BookmarkNodeAdded, ABU: 0
2026-03-09 21:29:57.686: [INFO] BookmarkNodeAdded, ABU: 0
2026-03-09 21:29:57.687: [INFO] BookmarkNodeAdded, ABU: 0
2026-03-09 21:29:57.687: [INFO] BookmarkNodeAdded, ABU: 0
2026-03-09 21:29:57.688: [INFO] BookmarkNodeAdded, ABU: 0
2026-03-09 21:29:57.692: [INFO] BookmarkNodeAdded, ABU: 0
2026-03-09 21:29:57.695: [INFO] BookmarkNodeAdded, ABU: 0
2026-03-09 21:29:57.695: [INFO] BookmarkNodeAdded, ABU: 0
2026-03-09 21:29:57.696: [INFO] BookmarkNodeAdded, ABU: 0
2026-03-09 21:29:57.698: [INFO] BookmarkNodeAdded, ABU: 0
2026-03-09 21:29:57.699: [INFO] BookmarkNodeAdded, ABU: 0
2026-03-09 21:29:57.701: [INFO] BookmarkNodeAdded, ABU: 0
2026-03-09 21:29:57.702: [INFO] BookmarkNodeAdded, ABU: 0
2026-03-09 21:29:57.703: [INFO] BookmarkNodeAdded, ABU: 0
2026-03-09 21:29:57.703: [INFO] BookmarkNodeAdded, ABU: 0
2026-03-09 21:29:57.704: [INFO] BookmarkNodeAdded, ABU: 0
2026-03-09 21:29:57.705: [INFO] BookmarkNodeAdded, ABU: 0
2026-03-09 21:29:57.705: [INFO] BookmarkNodeAdded, ABU: 0
2026-03-09 21:29:58.060: [INFO] VisibilityChanged: 1
2026-03-09 21:29:58.214: [INFO] BookmarkNodeAdded, ABU: 0
2026-03-09 21:29:58.214: [INFO] BookmarkNodeMoved
2026-03-09 21:29:58.215: [INFO] BookmarkNodeAdded, ABU: 0
2026-03-09 21:29:58.215: [INFO] Remove, DeletionOrigin: 19
2026-03-09 21:29:58.215: [INFO] BookmarkNodeRemoved, Url: 1, IsFolder: 0, IsWorkspace: 0
2026-03-09 21:29:58.215: [INFO] BookmarkNodeMoved
2026-03-09 21:29:58.216: [INFO] BookmarkNodeAdded, ABU: 0
2026-03-09 21:29:58.216: [INFO] Remove, DeletionOrigin: 19
2026-03-09 21:29:58.216: [INFO] BookmarkNodeRemoved, Url: 1, IsFolder: 0, IsWorkspace: 0
2026-03-09 21:29:58.217: [INFO] BookmarkNodeAdded, ABU: 0
2026-03-09 21:29:58.217: [INFO] Remove, DeletionOrigin: 19
2026-03-09 21:29:58.217: [INFO] BookmarkNodeRemoved, Url: 1, IsFolder: 0, IsWorkspace: 0
2026-03-09 21:29:58.218: [INFO] BookmarkNodeAdded, ABU: 0
2026-03-09 21:29:58.218: [INFO] BookmarkNodeMoved
2026-03-09 21:29:58.219: [INFO] BookmarkNodeAdded, ABU: 0
2026-03-09 21:29:58.219: [INFO] Remove, DeletionOrigin: 19
2026-03-09 21:29:58.219: [INFO] BookmarkNodeRemoved, Url: 1, IsFolder: 0, IsWorkspace: 0
2026-03-09 21:29:58.222: [INFO] BookmarkNodeAdded, ABU: 0
2026-03-09 21:29:58.222: [INFO] BookmarkNodeAdded, ABU: 0
2026-03-09 21:29:58.528: [INFO] Sync initialization duration: 1001ms
